
heart_beat_kill_pid = 27902
heart_beat_timeout = 11
heart: Mon Feb 17 10:17:54 2014: Erlang has closed.
/usr/local/Cellar/couchdb/1.5.0/bin/couchdb: line 336: echo: write error: Broken pipe
heart: Mon Feb 17 10:17:54 2014: Executed "/usr/local/Cellar/couchdb/1.5.0/bin/couchdb -k" -> 256. Terminating.

heart_beat_kill_pid = 28064
heart_beat_timeout = 11
heart: Mon Feb 17 10:19:22 2014: Erlang has closed.
/usr/local/Cellar/couchdb/1.5.0/bin/couchdb: line 336: echo: write error: Broken pipe
heart: Mon Feb 17 10:19:22 2014: Executed "/usr/local/Cellar/couchdb/1.5.0/bin/couchdb -k" -> 256. Terminating.

heart_beat_kill_pid = 28207
heart_beat_timeout = 11
heart: Mon Feb 17 11:22:06 2014: Erlang has closed.
/usr/local/Cellar/couchdb/1.5.0/bin/couchdb: line 336: echo: write error: Broken pipe
heart: Mon Feb 17 11:22:06 2014: Executed "/usr/local/Cellar/couchdb/1.5.0/bin/couchdb -k" -> 256. Terminating.

heart_beat_kill_pid = 31833
heart_beat_timeout = 11
heart: Mon Feb 17 12:36:14 2014: Erlang has closed.
/usr/local/Cellar/couchdb/1.5.0/bin/couchdb: line 336: echo: write error: Broken pipe
heart: Mon Feb 17 12:36:14 2014: Executed "/usr/local/Cellar/couchdb/1.5.0/bin/couchdb -k" -> 256. Terminating.

heart_beat_kill_pid = 36097
heart_beat_timeout = 11
heart: Mon Feb 17 18:20:58 2014: Erlang has closed.
/usr/local/Cellar/couchdb/1.5.0/bin/couchdb: line 336: echo: write error: Broken pipe
heart: Mon Feb 17 18:20:58 2014: Executed "/usr/local/Cellar/couchdb/1.5.0/bin/couchdb -k" -> 256. Terminating.

heart_beat_kill_pid = 54215
heart_beat_timeout = 11
heart: Mon Feb 17 18:21:40 2014: Erlang has closed.
/usr/local/Cellar/couchdb/1.5.0/bin/couchdb: line 336: echo: write error: Broken pipe
heart: Mon Feb 17 18:21:40 2014: Executed "/usr/local/Cellar/couchdb/1.5.0/bin/couchdb -k" -> 256. Terminating.

heart_beat_kill_pid = 54343
heart_beat_timeout = 11
heart: Mon Feb 17 18:22:10 2014: Erlang has closed.
/usr/local/Cellar/couchdb/1.5.0/bin/couchdb: line 336: echo: write error: Broken pipe
heart: Mon Feb 17 18:22:10 2014: Executed "/usr/local/Cellar/couchdb/1.5.0/bin/couchdb -k" -> 256. Terminating.

heart_beat_kill_pid = 55197
heart_beat_timeout = 11
heart: Mon Feb 17 18:43:01 2014: Erlang has closed.
/usr/local/Cellar/couchdb/1.5.0/bin/couchdb: line 336: echo: write error: Broken pipe
heart: Mon Feb 17 18:43:01 2014: Executed "/usr/local/Cellar/couchdb/1.5.0/bin/couchdb -k" -> 256. Terminating.

heart_beat_kill_pid = 55360
heart_beat_timeout = 11
Apache CouchDB could not be killed.
heart: Mon Feb 17 18:44:32 2014: Erlang has closed.
/usr/local/Cellar/couchdb/1.5.0/bin/couchdb: line 336: echo: write error: Broken pipe
heart: Mon Feb 17 18:44:32 2014: Executed "/usr/local/Cellar/couchdb/1.5.0/bin/couchdb -k" -> 256. Terminating.

heart_beat_kill_pid = 55479
heart_beat_timeout = 11
heart: Mon Feb 17 18:45:35 2014: Erlang has closed.
/usr/local/Cellar/couchdb/1.5.0/bin/couchdb: line 336: echo: write error: Broken pipe
heart: Mon Feb 17 18:45:35 2014: Executed "/usr/local/Cellar/couchdb/1.5.0/bin/couchdb -k" -> 256. Terminating.

heart_beat_kill_pid = 55596
heart_beat_timeout = 11
heart: Mon Feb 17 18:48:15 2014: Erlang has closed.
/usr/local/Cellar/couchdb/1.5.0/bin/couchdb: line 336: echo: write error: Broken pipe
heart: Mon Feb 17 18:48:15 2014: Executed "/usr/local/Cellar/couchdb/1.5.0/bin/couchdb -k" -> 256. Terminating.

heart_beat_kill_pid = 55755
heart_beat_timeout = 11
heart: Mon Feb 17 18:51:07 2014: Erlang has closed.
/usr/local/Cellar/couchdb/1.5.0/bin/couchdb: line 336: echo: write error: Broken pipe
heart: Mon Feb 17 18:51:07 2014: Executed "/usr/local/Cellar/couchdb/1.5.0/bin/couchdb -k" -> 256. Terminating.

heart_beat_kill_pid = 56200
heart_beat_timeout = 11
heart: Mon Feb 17 21:02:53 2014: heart-beat time-out, no activity for 7075 seconds
/usr/local/Cellar/couchdb/1.5.0/bin/couchdb: line 336: echo: write error: Broken pipe
heart: Mon Feb 17 21:02:59 2014: Executed "/usr/local/Cellar/couchdb/1.5.0/bin/couchdb -k" -> 256. Terminating.

heart_beat_kill_pid = 56473
heart_beat_timeout = 11
heart: Mon Feb 17 22:12:34 2014: Erlang has closed.
/usr/local/Cellar/couchdb/1.5.0/bin/couchdb: line 336: echo: write error: Broken pipe
heart: Mon Feb 17 22:12:34 2014: Executed "/usr/local/Cellar/couchdb/1.5.0/bin/couchdb -k" -> 256. Terminating.

heart_beat_kill_pid = 56789
heart_beat_timeout = 11
heart: Tue Feb 18 09:15:56 2014: Erlang has closed.
/usr/local/Cellar/couchdb/1.5.0/bin/couchdb: line 336: echo: write error: Broken pipe
heart: Tue Feb 18 09:15:56 2014: Executed "/usr/local/Cellar/couchdb/1.5.0/bin/couchdb -k" -> 256. Terminating.

heart_beat_kill_pid = 86908
heart_beat_timeout = 11
heart: Tue Feb 18 13:45:21 2014: heart-beat time-out, no activity for 1383 seconds
/usr/local/Cellar/couchdb/1.5.0/bin/couchdb: line 336: echo: write error: Broken pipe
heart: Tue Feb 18 13:45:22 2014: Executed "/usr/local/Cellar/couchdb/1.5.0/bin/couchdb -k" -> 256. Terminating.

heart_beat_kill_pid = 91567
heart_beat_timeout = 11
